File: 10:29 [main] INFO  com.solvd.countwords.Main - peek the=9
File: 10:29 [main] INFO  com.solvd.countwords.Main - peek OF=8
File: 10:29 [main] INFO  com.solvd.countwords.Main - peek OR=8
File: 10:29 [main] INFO  com.solvd.countwords.Main - peek THE=5
File: 10:29 [main] INFO  com.solvd.countwords.Main - peek of=5
File: 10:29 [main] INFO  com.solvd.countwords.Main - peek AND=4
File: 10:29 [main] INFO  com.solvd.countwords.Main - peek ANY=4
File: 10:29 [main] INFO  com.solvd.countwords.Main - peek and=4
File: 10:29 [main] INFO  com.solvd.countwords.Main - peek in=3
File: 10:29 [main] INFO  com.solvd.countwords.Main - peek IN=3
File: 10:29 [main] INFO  com.solvd.countwords.Main - peek *=3
File: 10:29 [main] INFO  com.solvd.countwords.Main - peek following=3
File: 10:29 [main] INFO  com.solvd.countwords.Main - peek conditions=3
File: 10:29 [main] INFO  com.solvd.countwords.Main - peek this=3
File: 10:29 [main] INFO  com.solvd.countwords.Main - peek copyright=2
File: 10:29 [main] INFO  com.solvd.countwords.Main - peek WARRANTIES=2
File: 10:29 [main] INFO  com.solvd.countwords.Main - peek without=2
File: 10:29 [main] INFO  com.solvd.countwords.Main - peek above=2
File: 10:29 [main] INFO  com.solvd.countwords.Main - peek IMPLIED=2
File: 10:29 [main] INFO  com.solvd.countwords.Main - peek LIABILITY=2
File: 10:29 [main] INFO  com.solvd.countwords.Main - peek LIMITED=2
File: 10:29 [main] INFO  com.solvd.countwords.Main - peek binary=2
File: 10:29 [main] INFO  com.solvd.countwords.Main - peek must=2
File: 10:29 [main] INFO  com.solvd.countwords.Main - peek (INCLUDING=2
File: 10:29 [main] INFO  com.solvd.countwords.Main - peek are=2
File: 10:29 [main] INFO  com.solvd.countwords.Main - peek disclaimer=2
File: 10:29 [main] INFO  com.solvd.countwords.Main - peek BUT=2
File: 10:29 [main] INFO  com.solvd.countwords.Main - peek USE=2
File: 10:29 [main] INFO  com.solvd.countwords.Main - peek Corporation=2
File: 10:29 [main] INFO  com.solvd.countwords.Main - peek COPYRIGHT=2
File: 10:29 [main] INFO  com.solvd.countwords.Main - peek TO=2
File: 10:29 [main] INFO  com.solvd.countwords.Main - peek source=2
File: 10:29 [main] INFO  com.solvd.countwords.Main - peek Intel=2
File: 10:29 [main] INFO  com.solvd.countwords.Main - peek FOR=2
File: 10:29 [main] INFO  com.solvd.countwords.Main - peek list=2
File: 10:29 [main] INFO  com.solvd.countwords.Main - peek NOT=2
File: 10:29 [main] INFO  com.solvd.countwords.Main - peek THIS=2
File: 10:29 [main] INFO  com.solvd.countwords.Main - peek provided=2
File: 10:29 [main] INFO  com.solvd.countwords.Main - peek CONTRIBUTORS=2
File: 10:29 [main] INFO  com.solvd.countwords.Main - peek notice=2
File: 10:29 [main] INFO  com.solvd.countwords.Main - peek or=2
File: 10:29 [main] INFO  com.solvd.countwords.Main - peek SOFTWARE=2
File: 10:29 [main] INFO  com.solvd.countwords.Main - peek with=2
File: 10:29 [main] INFO  com.solvd.countwords.Main - peek Redistributions=2
File: 10:29 [main] INFO  com.solvd.countwords.Main - peek LOSS=1
File: 10:29 [main] INFO  com.solvd.countwords.Main - peek ADVISED=1
File: 10:29 [main] INFO  com.solvd.countwords.Main - peek software=1
File: 10:29 [main] INFO  com.solvd.countwords.Main - peek CAUSED=1
File: 10:29 [main] INFO  com.solvd.countwords.Main - peek CONSEQUENTIAL=1
File: 10:29 [main] INFO  com.solvd.countwords.Main - peek OWNER=1
File: 10:29 [main] INFO  com.solvd.countwords.Main - peek SERVICES;=1
File: 10:29 [main] INFO  com.solvd.countwords.Main - peek (C=1
File: 10:29 [main] INFO  com.solvd.countwords.Main - peek IF=1
File: 10:29 [main] INFO  com.solvd.countwords.Main - peek DISCLAIMED=1
File: 10:29 [main] INFO  com.solvd.countwords.Main - peek SUBSTITUTE=1
File: 10:29 [main] INFO  com.solvd.countwords.Main - peek INCIDENTAL=1
File: 10:29 [main] INFO  com.solvd.countwords.Main - peek documentation=1
File: 10:29 [main] INFO  com.solvd.countwords.Main - peek IS=1
File: 10:29 [main] INFO  com.solvd.countwords.Main - peek PROVIDED=1
File: 10:29 [main] INFO  com.solvd.countwords.Main - peek OUT=1
File: 10:29 [main] INFO  com.solvd.countwords.Main - peek ARE=1
File: 10:29 [main] INFO  com.solvd.countwords.Main - peek HOWEVER=1
File: 10:29 [main] INFO  com.solvd.countwords.Main - peek reserved=1
File: 10:29 [main] INFO  com.solvd.countwords.Main - peek IS"=1
File: 10:29 [main] INFO  com.solvd.countwords.Main - peek EVEN=1
File: 10:29 [main] INFO  com.solvd.countwords.Main - peek GOODS=1
File: 10:29 [main] INFO  com.solvd.countwords.Main - peek A=1
File: 10:29 [main] INFO  com.solvd.countwords.Main - peek other=1
File: 10:29 [main] INFO  com.solvd.countwords.Main - peek be=1
File: 10:29 [main] INFO  com.solvd.countwords.Main - peek BE=1
File: 10:29 [main] INFO  com.solvd.countwords.Main - peek retain=1
File: 10:29 [main] INFO  com.solvd.countwords.Main - peek ARISING=1
File: 10:29 [main] INFO  com.solvd.countwords.Main - peek distribution=1
File: 10:29 [main] INFO  com.solvd.countwords.Main - peek products=1
File: 10:29 [main] INFO  com.solvd.countwords.Main - peek promote=1
File: 10:29 [main] INFO  com.solvd.countwords.Main - peek POSSIBILITY=1
File: 10:29 [main] INFO  com.solvd.countwords.Main - peek permitted=1
File: 10:29 [main] INFO  com.solvd.countwords.Main - peek rights=1
File: 10:29 [main] INFO  com.solvd.countwords.Main - peek BY=1
File: 10:29 [main] INFO  com.solvd.countwords.Main - peek PURPOSE=1
File: 10:29 [main] INFO  com.solvd.countwords.Main - peek SUCH=1
File: 10:29 [main] INFO  com.solvd.countwords.Main - peek may=1
File: 10:29 [main] INFO  com.solvd.countwords.Main - peek PROFITS;=1
File: 10:29 [main] INFO  com.solvd.countwords.Main - peek MERCHANTABILITY=1
File: 10:29 [main] INFO  com.solvd.countwords.Main - peek names=1
File: 10:29 [main] INFO  com.solvd.countwords.Main - peek to=1
File: 10:29 [main] INFO  com.solvd.countwords.Main - peek All=1
File: 10:29 [main] INFO  com.solvd.countwords.Main - peek FITNESS=1
File: 10:29 [main] INFO  com.solvd.countwords.Main - peek LIABLE=1
File: 10:29 [main] INFO  com.solvd.countwords.Main - peek use=1
File: 10:29 [main] INFO  com.solvd.countwords.Main - peek BUSINESS=1
File: 10:29 [main] INFO  com.solvd.countwords.Main - peek used=1
File: 10:29 [main] INFO  com.solvd.countwords.Main - peek THEORY=1
File: 10:29 [main] INFO  com.solvd.countwords.Main - peek SPECIAL=1
File: 10:29 [main] INFO  com.solvd.countwords.Main - peek EVENT=1
File: 10:29 [main] INFO  com.solvd.countwords.Main - peek Copyright=1
File: 10:29 [main] INFO  com.solvd.countwords.Main - peek reproduce=1
File: 10:29 [main] INFO  com.solvd.countwords.Main - peek that=1
File: 10:29 [main] INFO  com.solvd.countwords.Main - peek prior=1
File: 10:29 [main] INFO  com.solvd.countwords.Main - peek EXPRESS=1
File: 10:29 [main] INFO  com.solvd.countwords.Main - peek from=1
File: 10:29 [main] INFO  com.solvd.countwords.Main - peek written=1
File: 10:29 [main] INFO  com.solvd.countwords.Main - peek INCLUDING=1
File: 10:29 [main] INFO  com.solvd.countwords.Main - peek INTERRUPTION=1
File: 10:29 [main] INFO  com.solvd.countwords.Main - peek STRICT=1
File: 10:29 [main] INFO  com.solvd.countwords.Main - peek 2011-2019=1
File: 10:29 [main] INFO  com.solvd.countwords.Main - peek its=1
File: 10:29 [main] INFO  com.solvd.countwords.Main - peek DAMAGES=1
File: 10:29 [main] INFO  com.solvd.countwords.Main - peek modification=1
File: 10:29 [main] INFO  com.solvd.countwords.Main - peek materials=1
File: 10:29 [main] INFO  com.solvd.countwords.Main - peek DATA=1
File: 10:29 [main] INFO  com.solvd.countwords.Main - peek name=1
File: 10:29 [main] INFO  com.solvd.countwords.Main - peek OTHERWISE=1
File: 10:29 [main] INFO  com.solvd.countwords.Main - peek WHETHER=1
File: 10:29 [main] INFO  com.solvd.countwords.Main - peek PARTICULAR=1
File: 10:29 [main] INFO  com.solvd.countwords.Main - peek SHALL=1
File: 10:29 [main] INFO  com.solvd.countwords.Main - peek NO=1
File: 10:29 [main] INFO  com.solvd.countwords.Main - peek code=1
File: 10:29 [main] INFO  com.solvd.countwords.Main - peek EXEMPLARY=1
File: 10:29 [main] INFO  com.solvd.countwords.Main - peek CONTRACT=1
File: 10:29 [main] INFO  com.solvd.countwords.Main - peek PROCUREMENT=1
File: 10:29 [main] INFO  com.solvd.countwords.Main - peek WAY=1
File: 10:29 [main] INFO  com.solvd.countwords.Main - peek nor=1
File: 10:29 [main] INFO  com.solvd.countwords.Main - peek Redistribution=1
File: 10:29 [main] INFO  com.solvd.countwords.Main - peek "AS=1
File: 10:29 [main] INFO  com.solvd.countwords.Main - peek and/or=1
File: 10:29 [main] INFO  com.solvd.countwords.Main - peek TORT=1
File: 10:29 [main] INFO  com.solvd.countwords.Main - peek met=1
File: 10:29 [main] INFO  com.solvd.countwords.Main - peek derived=1
File: 10:29 [main] INFO  com.solvd.countwords.Main - peek DIRECT=1
File: 10:29 [main] INFO  com.solvd.countwords.Main - peek INDIRECT=1
File: 10:29 [main] INFO  com.solvd.countwords.Main - peek ON=1
File: 10:29 [main] INFO  com.solvd.countwords.Main - peek permission=1
File: 10:29 [main] INFO  com.solvd.countwords.Main - peek specific=1
File: 10:29 [main] INFO  com.solvd.countwords.Main - peek Neither=1
File: 10:29 [main] INFO  com.solvd.countwords.Main - peek endorse=1
File: 10:29 [main] INFO  com.solvd.countwords.Main - peek DAMAGE.=1
File: 10:29 [main] INFO  com.solvd.countwords.Main - peek form=1
File: 10:29 [main] INFO  com.solvd.countwords.Main - peek HOLDERS=1
File: 10:29 [main] INFO  com.solvd.countwords.Main - peek contributors=1
File: 10:29 [main] INFO  com.solvd.countwords.Main - peek forms=1
File: 10:29 [main] INFO  com.solvd.countwords.Main - peek NEGLIGENCE=1
